<?xml version="1.0" encoding="UTF-8"?>
<!-- Generated by org.testng.reporters.JUnitXMLReporter -->
<testsuite hostname="DESKTOP-JO4S889" ignored="0" name="Surefire test" tests="2" failures="0" timestamp="31 Aug 2021 05:28:11 GMT" time="0.105" errors="0">
  <testcase name="Test01 on Test01(TestingPakage.AppTest)" time="0.017" classname="TestingPakage.AppTest"/>
  <testcase name="Test02 on Test02(TestingPakage.MobileTest)" time="0.001" classname="TestingPakage.MobileTest"/>
</testsuite> <!-- Surefire test -->
