<?xml version="1.0" encoding="UTF-8"?>
<testsuite xmlns:xsi="http://www.w3.org/2001/XMLSchema-instance" xsi:noNamespaceSchemaLocation="https://maven.apache.org/surefire/maven-surefire-plugin/xsd/surefire-test-report-3.0.xsd" version="3.0" name="TestSuite" time="1.097" tests="2" errors="0" skipped="0" failures="0">
  <properties>
[...]
</properties>
  <testcase name="Test01 on Test01(TestingPakage.AppTest)" classname="TestingPakage.AppTest" time="0.015">
    <system-out><![CDATA[Usage: <main class> [options] The XML suite files to run
  Options:
    -configfailurepolicy
      Configuration failure policy (skip or continue)
    -d
      Output directory
    -dataproviderthreadcount
      Number of threads to use when running data providers
    -excludegroups
      Comma-separated list of group names to  exclude
    -groups
      Comma-separated list of group names to be run
    -junit
      JUnit mode
      Default: false
    -listener
      List of .class files or list of class names implementing ITestListener 
      or ISuiteListener
    -methods
      Comma separated of test methods
      Default: []
    -methodselectors
      List of .class files or list of class names implementing IMethodSelector
    -mixed
      Mixed mode - autodetect the type of current test and run it with 
      appropriate runner
      Default: false
    -objectfactory
      List of .class files or list of class names implementing 
      ITestRunnerFactory 
    -parallel
      Parallel mode (methods, tests or classes)
      Possible Values: [tests, methods, classes, instances, none, true, false]
    -port
      The port
    -reporter
      Extended configuration for custom report listener
    -suitename
      Default name of test suite, if not specified in suite definition file or 
      source code
    -suitethreadpoolsize
      Size of the thread pool to use to run suites
      Default: 1
    -testclass
      The list of test classes
    -testjar
      A jar file containing the tests
    -testname
      Default name of test, if not specified in suitedefinition file or source 
      code 
    -testnames
      The list of test names to run
    -testrunfactory, -testRunFactory
      The factory used to create tests
    -threadcount
      Number of threads to use when running tests in parallel
    -usedefaultlisteners
      Whether to use the default listeners
      Default: true
    -log, -verbose
      Level of verbosity
    -xmlpathinjar
      The full path to the xml file inside the jar file (only valid if 
      -testjar was specified)
      Default: testng.xml

Test001
]]></system-out>
    <system-err><![CDATA[[TestNG] [ERROR] No test suite found. Nothing to run
]]></system-err>
  </testcase>
  <testcase name="Test02 on Test02(TestingPakage.MobileTest)" classname="TestingPakage.MobileTest" time="0.001">
    <system-out><![CDATA[Test002
]]></system-out>
  </testcase>
</testsuite>