<?xml version="1.0" encoding="UTF-8"?>
<testng-results skipped="0" failed="0" ignored="0" total="2" passed="2">
  <reporter-output>
  </reporter-output>
  <suite name="Surefire suite" duration-ms="105" started-at="2021-08-31T05:28:11Z" finished-at="2021-08-31T05:28:11Z">
    <groups>
    </groups>
    <test name="Surefire test" duration-ms="105" started-at="2021-08-31T05:28:11Z" finished-at="2021-08-31T05:28:11Z">
      <class name="TestingPakage.MobileTest">
        <test-method status="PASS" signature="Test02()" name="Test02" duration-ms="1" started-at="2021-08-31T05:28:11Z" finished-at="2021-08-31T05:28:11Z">
          <reporter-output>
          </reporter-output>
        </test-method> <!-- Test02 -->
      </class> <!-- TestingPakage.MobileTest -->
      <class name="TestingPakage.AppTest">
        <test-method status="PASS" signature="Test01()" name="Test01" duration-ms="17" started-at="2021-08-31T05:28:11Z" finished-at="2021-08-31T05:28:11Z">
          <reporter-output>
          </reporter-output>
        </test-method> <!-- Test01 -->
      </class> <!-- TestingPakage.AppTest -->
    </test> <!-- Surefire test -->
  </suite> <!-- Surefire suite -->
</testng-results>
